#! /c/Source/iverilog-install/bin/vvp
:ivl_version "12.0 (devel)" "(s20150603-1539-g2693dd32b)";
:ivl_delay_selection "TYPICAL";
:vpi_time_precision + 0;
:vpi_module "C:\iverilog\lib\ivl\system.vpi";
:vpi_module "C:\iverilog\lib\ivl\vhdl_sys.vpi";
:vpi_module "C:\iverilog\lib\ivl\vhdl_textio.vpi";
:vpi_module "C:\iverilog\lib\ivl\v2005_math.vpi";
:vpi_module "C:\iverilog\lib\ivl\va_math.vpi";
:vpi_module "C:\iverilog\lib\ivl\v2009.vpi";
S_0000020d71e36290 .scope package, "$unit" "$unit" 2 1;
 .timescale 0 0;
S_0000020d71e45ed0 .scope module, "tb_cnn_ecg" "tb_cnn_ecg" 3 1;
 .timescale 0 0;
v0000020d71e37b90_0 .array/port v0000020d71e37b90, 0;
L_0000020d71e13560 .functor BUFZ 16, v0000020d71e37b90_0, C4<0000000000000000>, C4<0000000000000000>, C4<0000000000000000>;
v0000020d71e37b90_1 .array/port v0000020d71e37b90, 1;
L_0000020d71e133a0 .functor BUFZ 16, v0000020d71e37b90_1, C4<0000000000000000>, C4<0000000000000000>, C4<0000000000000000>;
v0000020d71e37b90_2 .array/port v0000020d71e37b90, 2;
L_0000020d71e13640 .functor BUFZ 16, v0000020d71e37b90_2, C4<0000000000000000>, C4<0000000000000000>, C4<0000000000000000>;
v0000020d71e37b90_3 .array/port v0000020d71e37b90, 3;
L_0000020d71e136b0 .functor BUFZ 16, v0000020d71e37b90_3, C4<0000000000000000>, C4<0000000000000000>, C4<0000000000000000>;
v0000020d71e37b90_4 .array/port v0000020d71e37b90, 4;
L_0000020d71e132c0 .functor BUFZ 16, v0000020d71e37b90_4, C4<0000000000000000>, C4<0000000000000000>, C4<0000000000000000>;
v0000020d71e37b90_5 .array/port v0000020d71e37b90, 5;
L_0000020d71e13720 .functor BUFZ 16, v0000020d71e37b90_5, C4<0000000000000000>, C4<0000000000000000>, C4<0000000000000000>;
v0000020d71e37b90_6 .array/port v0000020d71e37b90, 6;
L_0000020d71e13790 .functor BUFZ 16, v0000020d71e37b90_6, C4<0000000000000000>, C4<0000000000000000>, C4<0000000000000000>;
v0000020d71e37b90_7 .array/port v0000020d71e37b90, 7;
L_0000020d71e13100 .functor BUFZ 16, v0000020d71e37b90_7, C4<0000000000000000>, C4<0000000000000000>, C4<0000000000000000>;
v0000020d71e37b90_8 .array/port v0000020d71e37b90, 8;
L_0000020d71e13170 .functor BUFZ 16, v0000020d71e37b90_8, C4<0000000000000000>, C4<0000000000000000>, C4<0000000000000000>;
v0000020d71e37b90_9 .array/port v0000020d71e37b90, 9;
L_0000020d71e131e0 .functor BUFZ 16, v0000020d71e37b90_9, C4<0000000000000000>, C4<0000000000000000>, C4<0000000000000000>;
v0000020d71e37b90_10 .array/port v0000020d71e37b90, 10;
L_0000020d71e13250 .functor BUFZ 16, v0000020d71e37b90_10, C4<0000000000000000>, C4<0000000000000000>, C4<0000000000000000>;
v0000020d71e37b90_11 .array/port v0000020d71e37b90, 11;
L_0000020d71e13330 .functor BUFZ 16, v0000020d71e37b90_11, C4<0000000000000000>, C4<0000000000000000>, C4<0000000000000000>;
v0000020d71e37b90_12 .array/port v0000020d71e37b90, 12;
L_0000020d71e9f430 .functor BUFZ 16, v0000020d71e37b90_12, C4<0000000000000000>, C4<0000000000000000>, C4<0000000000000000>;
v0000020d71e37b90_13 .array/port v0000020d71e37b90, 13;
L_0000020d71e9f9e0 .functor BUFZ 16, v0000020d71e37b90_13, C4<0000000000000000>, C4<0000000000000000>, C4<0000000000000000>;
v0000020d71e37b90_14 .array/port v0000020d71e37b90, 14;
L_0000020d71e9f7b0 .functor BUFZ 16, v0000020d71e37b90_14, C4<0000000000000000>, C4<0000000000000000>, C4<0000000000000000>;
v0000020d71e37b90_15 .array/port v0000020d71e37b90, 15;
L_0000020d71e9f970 .functor BUFZ 16, v0000020d71e37b90_15, C4<0000000000000000>, C4<0000000000000000>, C4<0000000000000000>;
v0000020d71e37b90_16 .array/port v0000020d71e37b90, 16;
L_0000020d71e9fc10 .functor BUFZ 16, v0000020d71e37b90_16, C4<0000000000000000>, C4<0000000000000000>, C4<0000000000000000>;
v0000020d71e37b90_17 .array/port v0000020d71e37b90, 17;
L_0000020d71ea0070 .functor BUFZ 16, v0000020d71e37b90_17, C4<0000000000000000>, C4<0000000000000000>, C4<0000000000000000>;
v0000020d71e37b90_18 .array/port v0000020d71e37b90, 18;
L_0000020d71e9f660 .functor BUFZ 16, v0000020d71e37b90_18, C4<0000000000000000>, C4<0000000000000000>, C4<0000000000000000>;
v0000020d71e37b90_19 .array/port v0000020d71e37b90, 19;
L_0000020d71e9fa50 .functor BUFZ 16, v0000020d71e37b90_19, C4<0000000000000000>, C4<0000000000000000>, C4<0000000000000000>;
v0000020d71e37b90_20 .array/port v0000020d71e37b90, 20;
L_0000020d71e9f900 .functor BUFZ 16, v0000020d71e37b90_20, C4<0000000000000000>, C4<0000000000000000>, C4<0000000000000000>;
v0000020d71e37b90_21 .array/port v0000020d71e37b90, 21;
L_0000020d71e9f820 .functor BUFZ 16, v0000020d71e37b90_21, C4<0000000000000000>, C4<0000000000000000>, C4<0000000000000000>;
v0000020d71e37b90_22 .array/port v0000020d71e37b90, 22;
L_0000020d71e9f6d0 .functor BUFZ 16, v0000020d71e37b90_22, C4<0000000000000000>, C4<0000000000000000>, C4<0000000000000000>;
v0000020d71e37b90_23 .array/port v0000020d71e37b90, 23;
L_0000020d71e9ff20 .functor BUFZ 16, v0000020d71e37b90_23, C4<0000000000000000>, C4<0000000000000000>, C4<0000000000000000>;
v0000020d71e37b90_24 .array/port v0000020d71e37b90, 24;
L_0000020d71e9fac0 .functor BUFZ 16, v0000020d71e37b90_24, C4<0000000000000000>, C4<0000000000000000>, C4<0000000000000000>;
v0000020d71e37b90_25 .array/port v0000020d71e37b90, 25;
L_0000020d71e9f4a0 .functor BUFZ 16, v0000020d71e37b90_25, C4<0000000000000000>, C4<0000000000000000>, C4<0000000000000000>;
v0000020d71e37b90_26 .array/port v0000020d71e37b90, 26;
L_0000020d71e9fba0 .functor BUFZ 16, v0000020d71e37b90_26, C4<0000000000000000>, C4<0000000000000000>, C4<0000000000000000>;
v0000020d71e37b90_27 .array/port v0000020d71e37b90, 27;
L_0000020d71e9fb30 .functor BUFZ 16, v0000020d71e37b90_27, C4<0000000000000000>, C4<0000000000000000>, C4<0000000000000000>;
v0000020d71e37b90_28 .array/port v0000020d71e37b90, 28;
L_0000020d71ea01c0 .functor BUFZ 16, v0000020d71e37b90_28, C4<0000000000000000>, C4<0000000000000000>, C4<0000000000000000>;
v0000020d71e37b90_29 .array/port v0000020d71e37b90, 29;
L_0000020d71e9f3c0 .functor BUFZ 16, v0000020d71e37b90_29, C4<0000000000000000>, C4<0000000000000000>, C4<0000000000000000>;
v0000020d71e37b90_30 .array/port v0000020d71e37b90, 30;
L_0000020d71e9f510 .functor BUFZ 16, v0000020d71e37b90_30, C4<0000000000000000>, C4<0000000000000000>, C4<0000000000000000>;
v0000020d71e37b90_31 .array/port v0000020d71e37b90, 31;
L_0000020d71e9f740 .functor BUFZ 16, v0000020d71e37b90_31, C4<0000000000000000>, C4<0000000000000000>, C4<0000000000000000>;
v0000020d71e370f0_0 .net "class_out", 7 0, v0000020d71e377d0_0;  1 drivers
v0000020d71e37b90 .array/s "ecg_in", 31 0, 15 0;
S_0000020d71e12a70 .scope module, "uut" "cnn_ecg" 3 6, 4 1 0, S_0000020d71e45ed0;
 .timescale 0 0;
    .port_info 0 /INPUT 512 "ecg_in";
    .port_info 1 /OUTPUT 8 "class_out";
P_0000020d71e3e710 .param/l "N" 0 4 2, +C4<00000000000000000000000000100000>;
v0000020d71e377d0_0 .var "class_out", 7 0;
v0000020d71e37d70 .array/s "conv1_out", 89 0, 15 0;
v0000020d71e37550 .array/s "conv1_weights", 8 0, 15 0;
v0000020d71e37cd0 .array/s "conv2_out", 25 0, 15 0;
v0000020d71e37690 .array/s "conv2_weights", 17 0, 15 0;
v0000020d71e37370 .array "ecg_in", 31 0;
v0000020d71e37370_0 .net v0000020d71e37370 0, 15 0, L_0000020d71e13560; 1 drivers
v0000020d71e37370_1 .net v0000020d71e37370 1, 15 0, L_0000020d71e133a0; 1 drivers
v0000020d71e37370_2 .net v0000020d71e37370 2, 15 0, L_0000020d71e13640; 1 drivers
v0000020d71e37370_3 .net v0000020d71e37370 3, 15 0, L_0000020d71e136b0; 1 drivers
v0000020d71e37370_4 .net v0000020d71e37370 4, 15 0, L_0000020d71e132c0; 1 drivers
v0000020d71e37370_5 .net v0000020d71e37370 5, 15 0, L_0000020d71e13720; 1 drivers
v0000020d71e37370_6 .net v0000020d71e37370 6, 15 0, L_0000020d71e13790; 1 drivers
v0000020d71e37370_7 .net v0000020d71e37370 7, 15 0, L_0000020d71e13100; 1 drivers
v0000020d71e37370_8 .net v0000020d71e37370 8, 15 0, L_0000020d71e13170; 1 drivers
v0000020d71e37370_9 .net v0000020d71e37370 9, 15 0, L_0000020d71e131e0; 1 drivers
v0000020d71e37370_10 .net v0000020d71e37370 10, 15 0, L_0000020d71e13250; 1 drivers
v0000020d71e37370_11 .net v0000020d71e37370 11, 15 0, L_0000020d71e13330; 1 drivers
v0000020d71e37370_12 .net v0000020d71e37370 12, 15 0, L_0000020d71e9f430; 1 drivers
v0000020d71e37370_13 .net v0000020d71e37370 13, 15 0, L_0000020d71e9f9e0; 1 drivers
v0000020d71e37370_14 .net v0000020d71e37370 14, 15 0, L_0000020d71e9f7b0; 1 drivers
v0000020d71e37370_15 .net v0000020d71e37370 15, 15 0, L_0000020d71e9f970; 1 drivers
v0000020d71e37370_16 .net v0000020d71e37370 16, 15 0, L_0000020d71e9fc10; 1 drivers
v0000020d71e37370_17 .net v0000020d71e37370 17, 15 0, L_0000020d71ea0070; 1 drivers
v0000020d71e37370_18 .net v0000020d71e37370 18, 15 0, L_0000020d71e9f660; 1 drivers
v0000020d71e37370_19 .net v0000020d71e37370 19, 15 0, L_0000020d71e9fa50; 1 drivers
v0000020d71e37370_20 .net v0000020d71e37370 20, 15 0, L_0000020d71e9f900; 1 drivers
v0000020d71e37370_21 .net v0000020d71e37370 21, 15 0, L_0000020d71e9f820; 1 drivers
v0000020d71e37370_22 .net v0000020d71e37370 22, 15 0, L_0000020d71e9f6d0; 1 drivers
v0000020d71e37370_23 .net v0000020d71e37370 23, 15 0, L_0000020d71e9ff20; 1 drivers
v0000020d71e37370_24 .net v0000020d71e37370 24, 15 0, L_0000020d71e9fac0; 1 drivers
v0000020d71e37370_25 .net v0000020d71e37370 25, 15 0, L_0000020d71e9f4a0; 1 drivers
v0000020d71e37370_26 .net v0000020d71e37370 26, 15 0, L_0000020d71e9fba0; 1 drivers
v0000020d71e37370_27 .net v0000020d71e37370 27, 15 0, L_0000020d71e9fb30; 1 drivers
v0000020d71e37370_28 .net v0000020d71e37370 28, 15 0, L_0000020d71ea01c0; 1 drivers
v0000020d71e37370_29 .net v0000020d71e37370 29, 15 0, L_0000020d71e9f3c0; 1 drivers
v0000020d71e37370_30 .net v0000020d71e37370 30, 15 0, L_0000020d71e9f510; 1 drivers
v0000020d71e37370_31 .net v0000020d71e37370 31, 15 0, L_0000020d71e9f740; 1 drivers
v0000020d71e37230_0 .var/i "f", 31 0;
v0000020d71e37e10 .array/s "fc_sum", 7 0, 31 0;
v0000020d71e37eb0 .array/s "fc_weights", 55 0, 15 0;
v0000020d71e36fb0_0 .var/i "i", 31 0;
v0000020d71e37730_0 .var/i "j", 31 0;
v0000020d71e37870 .array/s "pool1_out", 44 0, 15 0;
v0000020d71e37050 .array/s "pool2_out", 13 0, 15 0;
v0000020d71e374b0 .array/s "threshold", 7 0, 31 0;
v0000020d71e37d70_0 .array/port v0000020d71e37d70, 0;
v0000020d71e37d70_1 .array/port v0000020d71e37d70, 1;
v0000020d71e37d70_2 .array/port v0000020d71e37d70, 2;
v0000020d71e37d70_3 .array/port v0000020d71e37d70, 3;
E_0000020d71e3f290/0 .event anyedge, v0000020d71e37d70_0, v0000020d71e37d70_1, v0000020d71e37d70_2, v0000020d71e37d70_3;
v0000020d71e37d70_4 .array/port v0000020d71e37d70, 4;
v0000020d71e37d70_5 .array/port v0000020d71e37d70, 5;
v0000020d71e37d70_6 .array/port v0000020d71e37d70, 6;
v0000020d71e37d70_7 .array/port v0000020d71e37d70, 7;
E_0000020d71e3f290/1 .event anyedge, v0000020d71e37d70_4, v0000020d71e37d70_5, v0000020d71e37d70_6, v0000020d71e37d70_7;
v0000020d71e37d70_8 .array/port v0000020d71e37d70, 8;
v0000020d71e37d70_9 .array/port v0000020d71e37d70, 9;
v0000020d71e37d70_10 .array/port v0000020d71e37d70, 10;
v0000020d71e37d70_11 .array/port v0000020d71e37d70, 11;
E_0000020d71e3f290/2 .event anyedge, v0000020d71e37d70_8, v0000020d71e37d70_9, v0000020d71e37d70_10, v0000020d71e37d70_11;
v0000020d71e37d70_12 .array/port v0000020d71e37d70, 12;
v0000020d71e37d70_13 .array/port v0000020d71e37d70, 13;
v0000020d71e37d70_14 .array/port v0000020d71e37d70, 14;
v0000020d71e37d70_15 .array/port v0000020d71e37d70, 15;
E_0000020d71e3f290/3 .event anyedge, v0000020d71e37d70_12, v0000020d71e37d70_13, v0000020d71e37d70_14, v0000020d71e37d70_15;
v0000020d71e37d70_16 .array/port v0000020d71e37d70, 16;
v0000020d71e37d70_17 .array/port v0000020d71e37d70, 17;
v0000020d71e37d70_18 .array/port v0000020d71e37d70, 18;
v0000020d71e37d70_19 .array/port v0000020d71e37d70, 19;
E_0000020d71e3f290/4 .event anyedge, v0000020d71e37d70_16, v0000020d71e37d70_17, v0000020d71e37d70_18, v0000020d71e37d70_19;
v0000020d71e37d70_20 .array/port v0000020d71e37d70, 20;
v0000020d71e37d70_21 .array/port v0000020d71e37d70, 21;
v0000020d71e37d70_22 .array/port v0000020d71e37d70, 22;
v0000020d71e37d70_23 .array/port v0000020d71e37d70, 23;
E_0000020d71e3f290/5 .event anyedge, v0000020d71e37d70_20, v0000020d71e37d70_21, v0000020d71e37d70_22, v0000020d71e37d70_23;
v0000020d71e37d70_24 .array/port v0000020d71e37d70, 24;
v0000020d71e37d70_25 .array/port v0000020d71e37d70, 25;
v0000020d71e37d70_26 .array/port v0000020d71e37d70, 26;
v0000020d71e37d70_27 .array/port v0000020d71e37d70, 27;
E_0000020d71e3f290/6 .event anyedge, v0000020d71e37d70_24, v0000020d71e37d70_25, v0000020d71e37d70_26, v0000020d71e37d70_27;
v0000020d71e37d70_28 .array/port v0000020d71e37d70, 28;
v0000020d71e37d70_29 .array/port v0000020d71e37d70, 29;
v0000020d71e37d70_30 .array/port v0000020d71e37d70, 30;
v0000020d71e37d70_31 .array/port v0000020d71e37d70, 31;
E_0000020d71e3f290/7 .event anyedge, v0000020d71e37d70_28, v0000020d71e37d70_29, v0000020d71e37d70_30, v0000020d71e37d70_31;
v0000020d71e37d70_32 .array/port v0000020d71e37d70, 32;
v0000020d71e37d70_33 .array/port v0000020d71e37d70, 33;
v0000020d71e37d70_34 .array/port v0000020d71e37d70, 34;
v0000020d71e37d70_35 .array/port v0000020d71e37d70, 35;
E_0000020d71e3f290/8 .event anyedge, v0000020d71e37d70_32, v0000020d71e37d70_33, v0000020d71e37d70_34, v0000020d71e37d70_35;
v0000020d71e37d70_36 .array/port v0000020d71e37d70, 36;
v0000020d71e37d70_37 .array/port v0000020d71e37d70, 37;
v0000020d71e37d70_38 .array/port v0000020d71e37d70, 38;
v0000020d71e37d70_39 .array/port v0000020d71e37d70, 39;
E_0000020d71e3f290/9 .event anyedge, v0000020d71e37d70_36, v0000020d71e37d70_37, v0000020d71e37d70_38, v0000020d71e37d70_39;
v0000020d71e37d70_40 .array/port v0000020d71e37d70, 40;
v0000020d71e37d70_41 .array/port v0000020d71e37d70, 41;
v0000020d71e37d70_42 .array/port v0000020d71e37d70, 42;
v0000020d71e37d70_43 .array/port v0000020d71e37d70, 43;
E_0000020d71e3f290/10 .event anyedge, v0000020d71e37d70_40, v0000020d71e37d70_41, v0000020d71e37d70_42, v0000020d71e37d70_43;
v0000020d71e37d70_44 .array/port v0000020d71e37d70, 44;
v0000020d71e37d70_45 .array/port v0000020d71e37d70, 45;
v0000020d71e37d70_46 .array/port v0000020d71e37d70, 46;
v0000020d71e37d70_47 .array/port v0000020d71e37d70, 47;
E_0000020d71e3f290/11 .event anyedge, v0000020d71e37d70_44, v0000020d71e37d70_45, v0000020d71e37d70_46, v0000020d71e37d70_47;
v0000020d71e37d70_48 .array/port v0000020d71e37d70, 48;
v0000020d71e37d70_49 .array/port v0000020d71e37d70, 49;
v0000020d71e37d70_50 .array/port v0000020d71e37d70, 50;
v0000020d71e37d70_51 .array/port v0000020d71e37d70, 51;
E_0000020d71e3f290/12 .event anyedge, v0000020d71e37d70_48, v0000020d71e37d70_49, v0000020d71e37d70_50, v0000020d71e37d70_51;
v0000020d71e37d70_52 .array/port v0000020d71e37d70, 52;
v0000020d71e37d70_53 .array/port v0000020d71e37d70, 53;
v0000020d71e37d70_54 .array/port v0000020d71e37d70, 54;
v0000020d71e37d70_55 .array/port v0000020d71e37d70, 55;
E_0000020d71e3f290/13 .event anyedge, v0000020d71e37d70_52, v0000020d71e37d70_53, v0000020d71e37d70_54, v0000020d71e37d70_55;
v0000020d71e37d70_56 .array/port v0000020d71e37d70, 56;
v0000020d71e37d70_57 .array/port v0000020d71e37d70, 57;
v0000020d71e37d70_58 .array/port v0000020d71e37d70, 58;
v0000020d71e37d70_59 .array/port v0000020d71e37d70, 59;
E_0000020d71e3f290/14 .event anyedge, v0000020d71e37d70_56, v0000020d71e37d70_57, v0000020d71e37d70_58, v0000020d71e37d70_59;
v0000020d71e37d70_60 .array/port v0000020d71e37d70, 60;
v0000020d71e37d70_61 .array/port v0000020d71e37d70, 61;
v0000020d71e37d70_62 .array/port v0000020d71e37d70, 62;
v0000020d71e37d70_63 .array/port v0000020d71e37d70, 63;
E_0000020d71e3f290/15 .event anyedge, v0000020d71e37d70_60, v0000020d71e37d70_61, v0000020d71e37d70_62, v0000020d71e37d70_63;
v0000020d71e37d70_64 .array/port v0000020d71e37d70, 64;
v0000020d71e37d70_65 .array/port v0000020d71e37d70, 65;
v0000020d71e37d70_66 .array/port v0000020d71e37d70, 66;
v0000020d71e37d70_67 .array/port v0000020d71e37d70, 67;
E_0000020d71e3f290/16 .event anyedge, v0000020d71e37d70_64, v0000020d71e37d70_65, v0000020d71e37d70_66, v0000020d71e37d70_67;
v0000020d71e37d70_68 .array/port v0000020d71e37d70, 68;
v0000020d71e37d70_69 .array/port v0000020d71e37d70, 69;
v0000020d71e37d70_70 .array/port v0000020d71e37d70, 70;
v0000020d71e37d70_71 .array/port v0000020d71e37d70, 71;
E_0000020d71e3f290/17 .event anyedge, v0000020d71e37d70_68, v0000020d71e37d70_69, v0000020d71e37d70_70, v0000020d71e37d70_71;
v0000020d71e37d70_72 .array/port v0000020d71e37d70, 72;
v0000020d71e37d70_73 .array/port v0000020d71e37d70, 73;
v0000020d71e37d70_74 .array/port v0000020d71e37d70, 74;
v0000020d71e37d70_75 .array/port v0000020d71e37d70, 75;
E_0000020d71e3f290/18 .event anyedge, v0000020d71e37d70_72, v0000020d71e37d70_73, v0000020d71e37d70_74, v0000020d71e37d70_75;
v0000020d71e37d70_76 .array/port v0000020d71e37d70, 76;
v0000020d71e37d70_77 .array/port v0000020d71e37d70, 77;
v0000020d71e37d70_78 .array/port v0000020d71e37d70, 78;
v0000020d71e37d70_79 .array/port v0000020d71e37d70, 79;
E_0000020d71e3f290/19 .event anyedge, v0000020d71e37d70_76, v0000020d71e37d70_77, v0000020d71e37d70_78, v0000020d71e37d70_79;
v0000020d71e37d70_80 .array/port v0000020d71e37d70, 80;
v0000020d71e37d70_81 .array/port v0000020d71e37d70, 81;
v0000020d71e37d70_82 .array/port v0000020d71e37d70, 82;
v0000020d71e37d70_83 .array/port v0000020d71e37d70, 83;
E_0000020d71e3f290/20 .event anyedge, v0000020d71e37d70_80, v0000020d71e37d70_81, v0000020d71e37d70_82, v0000020d71e37d70_83;
v0000020d71e37d70_84 .array/port v0000020d71e37d70, 84;
v0000020d71e37d70_85 .array/port v0000020d71e37d70, 85;
v0000020d71e37d70_86 .array/port v0000020d71e37d70, 86;
v0000020d71e37d70_87 .array/port v0000020d71e37d70, 87;
E_0000020d71e3f290/21 .event anyedge, v0000020d71e37d70_84, v0000020d71e37d70_85, v0000020d71e37d70_86, v0000020d71e37d70_87;
v0000020d71e37d70_88 .array/port v0000020d71e37d70, 88;
v0000020d71e37d70_89 .array/port v0000020d71e37d70, 89;
E_0000020d71e3f290/22 .event anyedge, v0000020d71e37d70_88, v0000020d71e37d70_89, v0000020d71e37370_0, v0000020d71e37370_1;
E_0000020d71e3f290/23 .event anyedge, v0000020d71e37370_2, v0000020d71e37370_3, v0000020d71e37370_4, v0000020d71e37370_5;
E_0000020d71e3f290/24 .event anyedge, v0000020d71e37370_6, v0000020d71e37370_7, v0000020d71e37370_8, v0000020d71e37370_9;
E_0000020d71e3f290/25 .event anyedge, v0000020d71e37370_10, v0000020d71e37370_11, v0000020d71e37370_12, v0000020d71e37370_13;
E_0000020d71e3f290/26 .event anyedge, v0000020d71e37370_14, v0000020d71e37370_15, v0000020d71e37370_16, v0000020d71e37370_17;
E_0000020d71e3f290/27 .event anyedge, v0000020d71e37370_18, v0000020d71e37370_19, v0000020d71e37370_20, v0000020d71e37370_21;
E_0000020d71e3f290/28 .event anyedge, v0000020d71e37370_22, v0000020d71e37370_23, v0000020d71e37370_24, v0000020d71e37370_25;
E_0000020d71e3f290/29 .event anyedge, v0000020d71e37370_26, v0000020d71e37370_27, v0000020d71e37370_28, v0000020d71e37370_29;
v0000020d71e37550_0 .array/port v0000020d71e37550, 0;
v0000020d71e37550_1 .array/port v0000020d71e37550, 1;
E_0000020d71e3f290/30 .event anyedge, v0000020d71e37370_30, v0000020d71e37370_31, v0000020d71e37550_0, v0000020d71e37550_1;
v0000020d71e37550_2 .array/port v0000020d71e37550, 2;
v0000020d71e37550_3 .array/port v0000020d71e37550, 3;
v0000020d71e37550_4 .array/port v0000020d71e37550, 4;
v0000020d71e37550_5 .array/port v0000020d71e37550, 5;
E_0000020d71e3f290/31 .event anyedge, v0000020d71e37550_2, v0000020d71e37550_3, v0000020d71e37550_4, v0000020d71e37550_5;
v0000020d71e37550_6 .array/port v0000020d71e37550, 6;
v0000020d71e37550_7 .array/port v0000020d71e37550, 7;
v0000020d71e37550_8 .array/port v0000020d71e37550, 8;
v0000020d71e37cd0_0 .array/port v0000020d71e37cd0, 0;
E_0000020d71e3f290/32 .event anyedge, v0000020d71e37550_6, v0000020d71e37550_7, v0000020d71e37550_8, v0000020d71e37cd0_0;
v0000020d71e37cd0_1 .array/port v0000020d71e37cd0, 1;
v0000020d71e37cd0_2 .array/port v0000020d71e37cd0, 2;
v0000020d71e37cd0_3 .array/port v0000020d71e37cd0, 3;
v0000020d71e37cd0_4 .array/port v0000020d71e37cd0, 4;
E_0000020d71e3f290/33 .event anyedge, v0000020d71e37cd0_1, v0000020d71e37cd0_2, v0000020d71e37cd0_3, v0000020d71e37cd0_4;
v0000020d71e37cd0_5 .array/port v0000020d71e37cd0, 5;
v0000020d71e37cd0_6 .array/port v0000020d71e37cd0, 6;
v0000020d71e37cd0_7 .array/port v0000020d71e37cd0, 7;
v0000020d71e37cd0_8 .array/port v0000020d71e37cd0, 8;
E_0000020d71e3f290/34 .event anyedge, v0000020d71e37cd0_5, v0000020d71e37cd0_6, v0000020d71e37cd0_7, v0000020d71e37cd0_8;
v0000020d71e37cd0_9 .array/port v0000020d71e37cd0, 9;
v0000020d71e37cd0_10 .array/port v0000020d71e37cd0, 10;
v0000020d71e37cd0_11 .array/port v0000020d71e37cd0, 11;
v0000020d71e37cd0_12 .array/port v0000020d71e37cd0, 12;
E_0000020d71e3f290/35 .event anyedge, v0000020d71e37cd0_9, v0000020d71e37cd0_10, v0000020d71e37cd0_11, v0000020d71e37cd0_12;
v0000020d71e37cd0_13 .array/port v0000020d71e37cd0, 13;
v0000020d71e37cd0_14 .array/port v0000020d71e37cd0, 14;
v0000020d71e37cd0_15 .array/port v0000020d71e37cd0, 15;
v0000020d71e37cd0_16 .array/port v0000020d71e37cd0, 16;
E_0000020d71e3f290/36 .event anyedge, v0000020d71e37cd0_13, v0000020d71e37cd0_14, v0000020d71e37cd0_15, v0000020d71e37cd0_16;
v0000020d71e37cd0_17 .array/port v0000020d71e37cd0, 17;
v0000020d71e37cd0_18 .array/port v0000020d71e37cd0, 18;
v0000020d71e37cd0_19 .array/port v0000020d71e37cd0, 19;
v0000020d71e37cd0_20 .array/port v0000020d71e37cd0, 20;
E_0000020d71e3f290/37 .event anyedge, v0000020d71e37cd0_17, v0000020d71e37cd0_18, v0000020d71e37cd0_19, v0000020d71e37cd0_20;
v0000020d71e37cd0_21 .array/port v0000020d71e37cd0, 21;
v0000020d71e37cd0_22 .array/port v0000020d71e37cd0, 22;
v0000020d71e37cd0_23 .array/port v0000020d71e37cd0, 23;
v0000020d71e37cd0_24 .array/port v0000020d71e37cd0, 24;
E_0000020d71e3f290/38 .event anyedge, v0000020d71e37cd0_21, v0000020d71e37cd0_22, v0000020d71e37cd0_23, v0000020d71e37cd0_24;
v0000020d71e37cd0_25 .array/port v0000020d71e37cd0, 25;
v0000020d71e37870_0 .array/port v0000020d71e37870, 0;
v0000020d71e37870_1 .array/port v0000020d71e37870, 1;
v0000020d71e37870_2 .array/port v0000020d71e37870, 2;
E_0000020d71e3f290/39 .event anyedge, v0000020d71e37cd0_25, v0000020d71e37870_0, v0000020d71e37870_1, v0000020d71e37870_2;
v0000020d71e37870_3 .array/port v0000020d71e37870, 3;
v0000020d71e37870_4 .array/port v0000020d71e37870, 4;
v0000020d71e37870_5 .array/port v0000020d71e37870, 5;
v0000020d71e37870_6 .array/port v0000020d71e37870, 6;
E_0000020d71e3f290/40 .event anyedge, v0000020d71e37870_3, v0000020d71e37870_4, v0000020d71e37870_5, v0000020d71e37870_6;
v0000020d71e37870_7 .array/port v0000020d71e37870, 7;
v0000020d71e37870_8 .array/port v0000020d71e37870, 8;
v0000020d71e37870_9 .array/port v0000020d71e37870, 9;
v0000020d71e37870_10 .array/port v0000020d71e37870, 10;
E_0000020d71e3f290/41 .event anyedge, v0000020d71e37870_7, v0000020d71e37870_8, v0000020d71e37870_9, v0000020d71e37870_10;
v0000020d71e37870_11 .array/port v0000020d71e37870, 11;
v0000020d71e37870_12 .array/port v0000020d71e37870, 12;
v0000020d71e37870_13 .array/port v0000020d71e37870, 13;
v0000020d71e37870_14 .array/port v0000020d71e37870, 14;
E_0000020d71e3f290/42 .event anyedge, v0000020d71e37870_11, v0000020d71e37870_12, v0000020d71e37870_13, v0000020d71e37870_14;
v0000020d71e37870_15 .array/port v0000020d71e37870, 15;
v0000020d71e37870_16 .array/port v0000020d71e37870, 16;
v0000020d71e37870_17 .array/port v0000020d71e37870, 17;
v0000020d71e37870_18 .array/port v0000020d71e37870, 18;
E_0000020d71e3f290/43 .event anyedge, v0000020d71e37870_15, v0000020d71e37870_16, v0000020d71e37870_17, v0000020d71e37870_18;
v0000020d71e37870_19 .array/port v0000020d71e37870, 19;
v0000020d71e37870_20 .array/port v0000020d71e37870, 20;
v0000020d71e37870_21 .array/port v0000020d71e37870, 21;
v0000020d71e37870_22 .array/port v0000020d71e37870, 22;
E_0000020d71e3f290/44 .event anyedge, v0000020d71e37870_19, v0000020d71e37870_20, v0000020d71e37870_21, v0000020d71e37870_22;
v0000020d71e37870_23 .array/port v0000020d71e37870, 23;
v0000020d71e37870_24 .array/port v0000020d71e37870, 24;
v0000020d71e37870_25 .array/port v0000020d71e37870, 25;
v0000020d71e37870_26 .array/port v0000020d71e37870, 26;
E_0000020d71e3f290/45 .event anyedge, v0000020d71e37870_23, v0000020d71e37870_24, v0000020d71e37870_25, v0000020d71e37870_26;
v0000020d71e37870_27 .array/port v0000020d71e37870, 27;
v0000020d71e37870_28 .array/port v0000020d71e37870, 28;
v0000020d71e37870_29 .array/port v0000020d71e37870, 29;
v0000020d71e37870_30 .array/port v0000020d71e37870, 30;
E_0000020d71e3f290/46 .event anyedge, v0000020d71e37870_27, v0000020d71e37870_28, v0000020d71e37870_29, v0000020d71e37870_30;
v0000020d71e37870_31 .array/port v0000020d71e37870, 31;
v0000020d71e37870_32 .array/port v0000020d71e37870, 32;
v0000020d71e37870_33 .array/port v0000020d71e37870, 33;
v0000020d71e37870_34 .array/port v0000020d71e37870, 34;
E_0000020d71e3f290/47 .event anyedge, v0000020d71e37870_31, v0000020d71e37870_32, v0000020d71e37870_33, v0000020d71e37870_34;
v0000020d71e37870_35 .array/port v0000020d71e37870, 35;
v0000020d71e37870_36 .array/port v0000020d71e37870, 36;
v0000020d71e37870_37 .array/port v0000020d71e37870, 37;
v0000020d71e37870_38 .array/port v0000020d71e37870, 38;
E_0000020d71e3f290/48 .event anyedge, v0000020d71e37870_35, v0000020d71e37870_36, v0000020d71e37870_37, v0000020d71e37870_38;
v0000020d71e37870_39 .array/port v0000020d71e37870, 39;
v0000020d71e37870_40 .array/port v0000020d71e37870, 40;
v0000020d71e37870_41 .array/port v0000020d71e37870, 41;
v0000020d71e37870_42 .array/port v0000020d71e37870, 42;
E_0000020d71e3f290/49 .event anyedge, v0000020d71e37870_39, v0000020d71e37870_40, v0000020d71e37870_41, v0000020d71e37870_42;
v0000020d71e37870_43 .array/port v0000020d71e37870, 43;
v0000020d71e37870_44 .array/port v0000020d71e37870, 44;
v0000020d71e37690_0 .array/port v0000020d71e37690, 0;
v0000020d71e37690_1 .array/port v0000020d71e37690, 1;
E_0000020d71e3f290/50 .event anyedge, v0000020d71e37870_43, v0000020d71e37870_44, v0000020d71e37690_0, v0000020d71e37690_1;
v0000020d71e37690_2 .array/port v0000020d71e37690, 2;
v0000020d71e37690_3 .array/port v0000020d71e37690, 3;
v0000020d71e37690_4 .array/port v0000020d71e37690, 4;
v0000020d71e37690_5 .array/port v0000020d71e37690, 5;
E_0000020d71e3f290/51 .event anyedge, v0000020d71e37690_2, v0000020d71e37690_3, v0000020d71e37690_4, v0000020d71e37690_5;
v0000020d71e37690_6 .array/port v0000020d71e37690, 6;
v0000020d71e37690_7 .array/port v0000020d71e37690, 7;
v0000020d71e37690_8 .array/port v0000020d71e37690, 8;
v0000020d71e37690_9 .array/port v0000020d71e37690, 9;
E_0000020d71e3f290/52 .event anyedge, v0000020d71e37690_6, v0000020d71e37690_7, v0000020d71e37690_8, v0000020d71e37690_9;
v0000020d71e37690_10 .array/port v0000020d71e37690, 10;
v0000020d71e37690_11 .array/port v0000020d71e37690, 11;
v0000020d71e37690_12 .array/port v0000020d71e37690, 12;
v0000020d71e37690_13 .array/port v0000020d71e37690, 13;
E_0000020d71e3f290/53 .event anyedge, v0000020d71e37690_10, v0000020d71e37690_11, v0000020d71e37690_12, v0000020d71e37690_13;
v0000020d71e37690_14 .array/port v0000020d71e37690, 14;
v0000020d71e37690_15 .array/port v0000020d71e37690, 15;
v0000020d71e37690_16 .array/port v0000020d71e37690, 16;
v0000020d71e37690_17 .array/port v0000020d71e37690, 17;
E_0000020d71e3f290/54 .event anyedge, v0000020d71e37690_14, v0000020d71e37690_15, v0000020d71e37690_16, v0000020d71e37690_17;
v0000020d71e37e10_0 .array/port v0000020d71e37e10, 0;
v0000020d71e37e10_1 .array/port v0000020d71e37e10, 1;
v0000020d71e37e10_2 .array/port v0000020d71e37e10, 2;
v0000020d71e37e10_3 .array/port v0000020d71e37e10, 3;
E_0000020d71e3f290/55 .event anyedge, v0000020d71e37e10_0, v0000020d71e37e10_1, v0000020d71e37e10_2, v0000020d71e37e10_3;
v0000020d71e37e10_4 .array/port v0000020d71e37e10, 4;
v0000020d71e37e10_5 .array/port v0000020d71e37e10, 5;
v0000020d71e37e10_6 .array/port v0000020d71e37e10, 6;
v0000020d71e37e10_7 .array/port v0000020d71e37e10, 7;
E_0000020d71e3f290/56 .event anyedge, v0000020d71e37e10_4, v0000020d71e37e10_5, v0000020d71e37e10_6, v0000020d71e37e10_7;
v0000020d71e37050_0 .array/port v0000020d71e37050, 0;
v0000020d71e37050_1 .array/port v0000020d71e37050, 1;
v0000020d71e37050_2 .array/port v0000020d71e37050, 2;
v0000020d71e37050_3 .array/port v0000020d71e37050, 3;
E_0000020d71e3f290/57 .event anyedge, v0000020d71e37050_0, v0000020d71e37050_1, v0000020d71e37050_2, v0000020d71e37050_3;
v0000020d71e37050_4 .array/port v0000020d71e37050, 4;
v0000020d71e37050_5 .array/port v0000020d71e37050, 5;
v0000020d71e37050_6 .array/port v0000020d71e37050, 6;
v0000020d71e37050_7 .array/port v0000020d71e37050, 7;
E_0000020d71e3f290/58 .event anyedge, v0000020d71e37050_4, v0000020d71e37050_5, v0000020d71e37050_6, v0000020d71e37050_7;
v0000020d71e37050_8 .array/port v0000020d71e37050, 8;
v0000020d71e37050_9 .array/port v0000020d71e37050, 9;
v0000020d71e37050_10 .array/port v0000020d71e37050, 10;
v0000020d71e37050_11 .array/port v0000020d71e37050, 11;
E_0000020d71e3f290/59 .event anyedge, v0000020d71e37050_8, v0000020d71e37050_9, v0000020d71e37050_10, v0000020d71e37050_11;
v0000020d71e37050_12 .array/port v0000020d71e37050, 12;
v0000020d71e37050_13 .array/port v0000020d71e37050, 13;
v0000020d71e37eb0_0 .array/port v0000020d71e37eb0, 0;
v0000020d71e37eb0_1 .array/port v0000020d71e37eb0, 1;
E_0000020d71e3f290/60 .event anyedge, v0000020d71e37050_12, v0000020d71e37050_13, v0000020d71e37eb0_0, v0000020d71e37eb0_1;
v0000020d71e37eb0_2 .array/port v0000020d71e37eb0, 2;
v0000020d71e37eb0_3 .array/port v0000020d71e37eb0, 3;
v0000020d71e37eb0_4 .array/port v0000020d71e37eb0, 4;
v0000020d71e37eb0_5 .array/port v0000020d71e37eb0, 5;
E_0000020d71e3f290/61 .event anyedge, v0000020d71e37eb0_2, v0000020d71e37eb0_3, v0000020d71e37eb0_4, v0000020d71e37eb0_5;
v0000020d71e37eb0_6 .array/port v0000020d71e37eb0, 6;
v0000020d71e37eb0_7 .array/port v0000020d71e37eb0, 7;
v0000020d71e37eb0_8 .array/port v0000020d71e37eb0, 8;
v0000020d71e37eb0_9 .array/port v0000020d71e37eb0, 9;
E_0000020d71e3f290/62 .event anyedge, v0000020d71e37eb0_6, v0000020d71e37eb0_7, v0000020d71e37eb0_8, v0000020d71e37eb0_9;
v0000020d71e37eb0_10 .array/port v0000020d71e37eb0, 10;
v0000020d71e37eb0_11 .array/port v0000020d71e37eb0, 11;
v0000020d71e37eb0_12 .array/port v0000020d71e37eb0, 12;
v0000020d71e37eb0_13 .array/port v0000020d71e37eb0, 13;
E_0000020d71e3f290/63 .event anyedge, v0000020d71e37eb0_10, v0000020d71e37eb0_11, v0000020d71e37eb0_12, v0000020d71e37eb0_13;
v0000020d71e37eb0_14 .array/port v0000020d71e37eb0, 14;
v0000020d71e37eb0_15 .array/port v0000020d71e37eb0, 15;
v0000020d71e37eb0_16 .array/port v0000020d71e37eb0, 16;
v0000020d71e37eb0_17 .array/port v0000020d71e37eb0, 17;
E_0000020d71e3f290/64 .event anyedge, v0000020d71e37eb0_14, v0000020d71e37eb0_15, v0000020d71e37eb0_16, v0000020d71e37eb0_17;
v0000020d71e37eb0_18 .array/port v0000020d71e37eb0, 18;
v0000020d71e37eb0_19 .array/port v0000020d71e37eb0, 19;
v0000020d71e37eb0_20 .array/port v0000020d71e37eb0, 20;
v0000020d71e37eb0_21 .array/port v0000020d71e37eb0, 21;
E_0000020d71e3f290/65 .event anyedge, v0000020d71e37eb0_18, v0000020d71e37eb0_19, v0000020d71e37eb0_20, v0000020d71e37eb0_21;
v0000020d71e37eb0_22 .array/port v0000020d71e37eb0, 22;
v0000020d71e37eb0_23 .array/port v0000020d71e37eb0, 23;
v0000020d71e37eb0_24 .array/port v0000020d71e37eb0, 24;
v0000020d71e37eb0_25 .array/port v0000020d71e37eb0, 25;
E_0000020d71e3f290/66 .event anyedge, v0000020d71e37eb0_22, v0000020d71e37eb0_23, v0000020d71e37eb0_24, v0000020d71e37eb0_25;
v0000020d71e37eb0_26 .array/port v0000020d71e37eb0, 26;
v0000020d71e37eb0_27 .array/port v0000020d71e37eb0, 27;
v0000020d71e37eb0_28 .array/port v0000020d71e37eb0, 28;
v0000020d71e37eb0_29 .array/port v0000020d71e37eb0, 29;
E_0000020d71e3f290/67 .event anyedge, v0000020d71e37eb0_26, v0000020d71e37eb0_27, v0000020d71e37eb0_28, v0000020d71e37eb0_29;
v0000020d71e37eb0_30 .array/port v0000020d71e37eb0, 30;
v0000020d71e37eb0_31 .array/port v0000020d71e37eb0, 31;
v0000020d71e37eb0_32 .array/port v0000020d71e37eb0, 32;
v0000020d71e37eb0_33 .array/port v0000020d71e37eb0, 33;
E_0000020d71e3f290/68 .event anyedge, v0000020d71e37eb0_30, v0000020d71e37eb0_31, v0000020d71e37eb0_32, v0000020d71e37eb0_33;
v0000020d71e37eb0_34 .array/port v0000020d71e37eb0, 34;
v0000020d71e37eb0_35 .array/port v0000020d71e37eb0, 35;
v0000020d71e37eb0_36 .array/port v0000020d71e37eb0, 36;
v0000020d71e37eb0_37 .array/port v0000020d71e37eb0, 37;
E_0000020d71e3f290/69 .event anyedge, v0000020d71e37eb0_34, v0000020d71e37eb0_35, v0000020d71e37eb0_36, v0000020d71e37eb0_37;
v0000020d71e37eb0_38 .array/port v0000020d71e37eb0, 38;
v0000020d71e37eb0_39 .array/port v0000020d71e37eb0, 39;
v0000020d71e37eb0_40 .array/port v0000020d71e37eb0, 40;
v0000020d71e37eb0_41 .array/port v0000020d71e37eb0, 41;
E_0000020d71e3f290/70 .event anyedge, v0000020d71e37eb0_38, v0000020d71e37eb0_39, v0000020d71e37eb0_40, v0000020d71e37eb0_41;
v0000020d71e37eb0_42 .array/port v0000020d71e37eb0, 42;
v0000020d71e37eb0_43 .array/port v0000020d71e37eb0, 43;
v0000020d71e37eb0_44 .array/port v0000020d71e37eb0, 44;
v0000020d71e37eb0_45 .array/port v0000020d71e37eb0, 45;
E_0000020d71e3f290/71 .event anyedge, v0000020d71e37eb0_42, v0000020d71e37eb0_43, v0000020d71e37eb0_44, v0000020d71e37eb0_45;
v0000020d71e37eb0_46 .array/port v0000020d71e37eb0, 46;
v0000020d71e37eb0_47 .array/port v0000020d71e37eb0, 47;
v0000020d71e37eb0_48 .array/port v0000020d71e37eb0, 48;
v0000020d71e37eb0_49 .array/port v0000020d71e37eb0, 49;
E_0000020d71e3f290/72 .event anyedge, v0000020d71e37eb0_46, v0000020d71e37eb0_47, v0000020d71e37eb0_48, v0000020d71e37eb0_49;
v0000020d71e37eb0_50 .array/port v0000020d71e37eb0, 50;
v0000020d71e37eb0_51 .array/port v0000020d71e37eb0, 51;
v0000020d71e37eb0_52 .array/port v0000020d71e37eb0, 52;
v0000020d71e37eb0_53 .array/port v0000020d71e37eb0, 53;
E_0000020d71e3f290/73 .event anyedge, v0000020d71e37eb0_50, v0000020d71e37eb0_51, v0000020d71e37eb0_52, v0000020d71e37eb0_53;
v0000020d71e37eb0_54 .array/port v0000020d71e37eb0, 54;
v0000020d71e37eb0_55 .array/port v0000020d71e37eb0, 55;
v0000020d71e374b0_0 .array/port v0000020d71e374b0, 0;
v0000020d71e374b0_1 .array/port v0000020d71e374b0, 1;
E_0000020d71e3f290/74 .event anyedge, v0000020d71e37eb0_54, v0000020d71e37eb0_55, v0000020d71e374b0_0, v0000020d71e374b0_1;
v0000020d71e374b0_2 .array/port v0000020d71e374b0, 2;
v0000020d71e374b0_3 .array/port v0000020d71e374b0, 3;
v0000020d71e374b0_4 .array/port v0000020d71e374b0, 4;
v0000020d71e374b0_5 .array/port v0000020d71e374b0, 5;
E_0000020d71e3f290/75 .event anyedge, v0000020d71e374b0_2, v0000020d71e374b0_3, v0000020d71e374b0_4, v0000020d71e374b0_5;
v0000020d71e374b0_6 .array/port v0000020d71e374b0, 6;
v0000020d71e374b0_7 .array/port v0000020d71e374b0, 7;
E_0000020d71e3f290/76 .event anyedge, v0000020d71e374b0_6, v0000020d71e374b0_7;
E_0000020d71e3f290 .event/or E_0000020d71e3f290/0, E_0000020d71e3f290/1, E_0000020d71e3f290/2, E_0000020d71e3f290/3, E_0000020d71e3f290/4, E_0000020d71e3f290/5, E_0000020d71e3f290/6, E_0000020d71e3f290/7, E_0000020d71e3f290/8, E_0000020d71e3f290/9, E_0000020d71e3f290/10, E_0000020d71e3f290/11, E_0000020d71e3f290/12, E_0000020d71e3f290/13, E_0000020d71e3f290/14, E_0000020d71e3f290/15, E_0000020d71e3f290/16, E_0000020d71e3f290/17, E_0000020d71e3f290/18, E_0000020d71e3f290/19, E_0000020d71e3f290/20, E_0000020d71e3f290/21, E_0000020d71e3f290/22, E_0000020d71e3f290/23, E_0000020d71e3f290/24, E_0000020d71e3f290/25, E_0000020d71e3f290/26, E_0000020d71e3f290/27, E_0000020d71e3f290/28, E_0000020d71e3f290/29, E_0000020d71e3f290/30, E_0000020d71e3f290/31, E_0000020d71e3f290/32, E_0000020d71e3f290/33, E_0000020d71e3f290/34, E_0000020d71e3f290/35, E_0000020d71e3f290/36, E_0000020d71e3f290/37, E_0000020d71e3f290/38, E_0000020d71e3f290/39, E_0000020d71e3f290/40, E_0000020d71e3f290/41, E_0000020d71e3f290/42, E_0000020d71e3f290/43, E_0000020d71e3f290/44, E_0000020d71e3f290/45, E_0000020d71e3f290/46, E_0000020d71e3f290/47, E_0000020d71e3f290/48, E_0000020d71e3f290/49, E_0000020d71e3f290/50, E_0000020d71e3f290/51, E_0000020d71e3f290/52, E_0000020d71e3f290/53, E_0000020d71e3f290/54, E_0000020d71e3f290/55, E_0000020d71e3f290/56, E_0000020d71e3f290/57, E_0000020d71e3f290/58, E_0000020d71e3f290/59, E_0000020d71e3f290/60, E_0000020d71e3f290/61, E_0000020d71e3f290/62, E_0000020d71e3f290/63, E_0000020d71e3f290/64, E_0000020d71e3f290/65, E_0000020d71e3f290/66, E_0000020d71e3f290/67, E_0000020d71e3f290/68, E_0000020d71e3f290/69, E_0000020d71e3f290/70, E_0000020d71e3f290/71, E_0000020d71e3f290/72, E_0000020d71e3f290/73, E_0000020d71e3f290/74, E_0000020d71e3f290/75, E_0000020d71e3f290/76;
    .scope S_0000020d71e12a70;
T_0 ;
    %pushi/vec4 500, 0, 16;
    %ix/load 4, 0, 0;
    %flag_set/imm 4, 0;
    %store/vec4a v0000020d71e37550, 4, 0;
    %pushi/vec4 1000, 0, 16;
    %ix/load 4, 1, 0;
    %flag_set/imm 4, 0;
    %store/vec4a v0000020d71e37550, 4, 0;
    %pushi/vec4 65236, 0, 16;
    %ix/load 4, 2, 0;
    %flag_set/imm 4, 0;
    %store/vec4a v0000020d71e37550, 4, 0;
    %pushi/vec4 700, 0, 16;
    %ix/load 4, 3, 0;
    %flag_set/imm 4, 0;
    %store/vec4a v0000020d71e37550, 4, 0;
    %pushi/vec4 65136, 0, 16;
    %ix/load 4, 4, 0;
    %flag_set/imm 4, 0;
    %store/vec4a v0000020d71e37550, 4, 0;
    %pushi/vec4 600, 0, 16;
    %ix/load 4, 5, 0;
    %flag_set/imm 4, 0;
    %store/vec4a v0000020d71e37550, 4, 0;
    %pushi/vec4 200, 0, 16;
    %ix/load 4, 6, 0;
    %flag_set/imm 4, 0;
    %store/vec4a v0000020d71e37550, 4, 0;
    %pushi/vec4 300, 0, 16;
    %ix/load 4, 7, 0;
    %flag_set/imm 4, 0;
    %store/vec4a v0000020d71e37550, 4, 0;
    %pushi/vec4 400, 0, 16;
    %ix/load 4, 8, 0;
    %flag_set/imm 4, 0;
    %store/vec4a v0000020d71e37550, 4, 0;
    %end;
    .thread T_0;
    .scope S_0000020d71e12a70;
T_1 ;
    %pushi/vec4 100, 0, 16;
    %ix/load 4, 0, 0;
    %flag_set/imm 4, 0;
    %store/vec4a v0000020d71e37690, 4, 0;
    %pushi/vec4 200, 0, 16;
    %ix/load 4, 1, 0;
    %flag_set/imm 4, 0;
    %store/vec4a v0000020d71e37690, 4, 0;
    %pushi/vec4 150, 0, 16;
    %ix/load 4, 2, 0;
    %flag_set/imm 4, 0;
    %store/vec4a v0000020d71e37690, 4, 0;
    %pushi/vec4 50, 0, 16;
    %ix/load 4, 3, 0;
    %flag_set/imm 4, 0;
    %store/vec4a v0000020d71e37690, 4, 0;
    %pushi/vec4 100, 0, 16;
    %ix/load 4, 4, 0;
    %flag_set/imm 4, 0;
    %store/vec4a v0000020d71e37690, 4, 0;
    %pushi/vec4 80, 0, 16;
    %ix/load 4, 5, 0;
    %flag_set/imm 4, 0;
    %store/vec4a v0000020d71e37690, 4, 0;
    %pushi/vec4 30, 0, 16;
    %ix/load 4, 6, 0;
    %flag_set/imm 4, 0;
    %store/vec4a v0000020d71e37690, 4, 0;
    %pushi/vec4 60, 0, 16;
    %ix/load 4, 7, 0;
    %flag_set/imm 4, 0;
    %store/vec4a v0000020d71e37690, 4, 0;
    %pushi/vec4 90, 0, 16;
    %ix/load 4, 8, 0;
    %flag_set/imm 4, 0;
    %store/vec4a v0000020d71e37690, 4, 0;
    %pushi/vec4 70, 0, 16;
    %ix/load 4, 9, 0;
    %flag_set/imm 4, 0;
    %store/vec4a v0000020d71e37690, 4, 0;
    %pushi/vec4 120, 0, 16;
    %ix/load 4, 10, 0;
    %flag_set/imm 4, 0;
    %store/vec4a v0000020d71e37690, 4, 0;
    %pushi/vec4 90, 0, 16;
    %ix/load 4, 11, 0;
    %flag_set/imm 4, 0;
    %store/vec4a v0000020d71e37690, 4, 0;
    %pushi/vec4 40, 0, 16;
    %ix/load 4, 12, 0;
    %flag_set/imm 4, 0;
    %store/vec4a v0000020d71e37690, 4, 0;
    %pushi/vec4 80, 0, 16;
    %ix/load 4, 13, 0;
    %flag_set/imm 4, 0;
    %store/vec4a v0000020d71e37690, 4, 0;
    %pushi/vec4 60, 0, 16;
    %ix/load 4, 14, 0;
    %flag_set/imm 4, 0;
    %store/vec4a v0000020d71e37690, 4, 0;
    %pushi/vec4 20, 0, 16;
    %ix/load 4, 15, 0;
    %flag_set/imm 4, 0;
    %store/vec4a v0000020d71e37690, 4, 0;
    %pushi/vec4 40, 0, 16;
    %ix/load 4, 16, 0;
    %flag_set/imm 4, 0;
    %store/vec4a v0000020d71e37690, 4, 0;
    %pushi/vec4 30, 0, 16;
    %ix/load 4, 17, 0;
    %flag_set/imm 4, 0;
    %store/vec4a v0000020d71e37690, 4, 0;
    %end;
    .thread T_1;
    .scope S_0000020d71e12a70;
T_2 ;
    %pushi/vec4 0, 0, 32;
    %store/vec4 v0000020d71e36fb0_0, 0, 32;
T_2.0 ;
    %load/vec4 v0000020d71e36fb0_0;
    %cmpi/s 7, 0, 32;
    %jmp/0xz T_2.1, 5;
    %pushi/vec4 100, 0, 32;
    %load/vec4 v0000020d71e36fb0_0;
    %muli 10, 0, 32;
    %add;
    %pad/u 16;
    %ix/getv/s 4, v0000020d71e36fb0_0;
    %store/vec4a v0000020d71e37eb0, 4, 0;
    %pushi/vec4 80, 0, 32;
    %load/vec4 v0000020d71e36fb0_0;
    %muli 12, 0, 32;
    %add;
    %pad/u 16;
    %pushi/vec4 7, 0, 4;
    %pad/s 5;
    %load/vec4 v0000020d71e36fb0_0;
    %pad/s 5;
    %add;
    %ix/vec4/s 4;
    %store/vec4a v0000020d71e37eb0, 4, 0;
    %pushi/vec4 90, 0, 32;
    %load/vec4 v0000020d71e36fb0_0;
    %muli 8, 0, 32;
    %add;
    %pad/u 16;
    %pushi/vec4 14, 0, 5;
    %pad/s 6;
    %load/vec4 v0000020d71e36fb0_0;
    %pad/s 6;
    %add;
    %ix/vec4/s 4;
    %store/vec4a v0000020d71e37eb0, 4, 0;
    %pushi/vec4 70, 0, 32;
    %load/vec4 v0000020d71e36fb0_0;
    %muli 9, 0, 32;
    %add;
    %pad/u 16;
    %pushi/vec4 21, 0, 6;
    %pad/s 7;
    %load/vec4 v0000020d71e36fb0_0;
    %pad/s 7;
    %add;
    %ix/vec4/s 4;
    %store/vec4a v0000020d71e37eb0, 4, 0;
    %pushi/vec4 60, 0, 32;
    %load/vec4 v0000020d71e36fb0_0;
    %muli 15, 0, 32;
    %add;
    %pad/u 16;
    %pushi/vec4 28, 0, 6;
    %pad/s 7;
    %load/vec4 v0000020d71e36fb0_0;
    %pad/s 7;
    %add;
    %ix/vec4/s 4;
    %store/vec4a v0000020d71e37eb0, 4, 0;
    %pushi/vec4 65, 0, 32;
    %load/vec4 v0000020d71e36fb0_0;
    %muli 11, 0, 32;
    %add;
    %pad/u 16;
    %pushi/vec4 35, 0, 7;
    %pad/s 8;
    %load/vec4 v0000020d71e36fb0_0;
    %pad/s 8;
    %add;
    %ix/vec4/s 4;
    %store/vec4a v0000020d71e37eb0, 4, 0;
    %pushi/vec4 50, 0, 32;
    %load/vec4 v0000020d71e36fb0_0;
    %muli 14, 0, 32;
    %add;
    %pad/u 16;
    %pushi/vec4 42, 0, 7;
    %pad/s 8;
    %load/vec4 v0000020d71e36fb0_0;
    %pad/s 8;
    %add;
    %ix/vec4/s 4;
    %store/vec4a v0000020d71e37eb0, 4, 0;
    %pushi/vec4 55, 0, 32;
    %load/vec4 v0000020d71e36fb0_0;
    %muli 10, 0, 32;
    %add;
    %pad/u 16;
    %pushi/vec4 49, 0, 7;
    %pad/s 8;
    %load/vec4 v0000020d71e36fb0_0;
    %pad/s 8;
    %add;
    %ix/vec4/s 4;
    %store/vec4a v0000020d71e37eb0, 4, 0;
    %load/vec4 v0000020d71e36fb0_0;
    %addi 1, 0, 32;
    %store/vec4 v0000020d71e36fb0_0, 0, 32;
    %jmp T_2.0;
T_2.1 ;
    %end;
    .thread T_2;
    .scope S_0000020d71e12a70;
T_3 ;
    %pushi/vec4 1000, 0, 32;
    %ix/load 4, 0, 0;
    %flag_set/imm 4, 0;
    %store/vec4a v0000020d71e374b0, 4, 0;
    %pushi/vec4 900, 0, 32;
    %ix/load 4, 1, 0;
    %flag_set/imm 4, 0;
    %store/vec4a v0000020d71e374b0, 4, 0;
    %pushi/vec4 950, 0, 32;
    %ix/load 4, 2, 0;
    %flag_set/imm 4, 0;
    %store/vec4a v0000020d71e374b0, 4, 0;
    %pushi/vec4 900, 0, 32;
    %ix/load 4, 3, 0;
    %flag_set/imm 4, 0;
    %store/vec4a v0000020d71e374b0, 4, 0;
    %pushi/vec4 800, 0, 32;
    %ix/load 4, 4, 0;
    %flag_set/imm 4, 0;
    %store/vec4a v0000020d71e374b0, 4, 0;
    %pushi/vec4 850, 0, 32;
    %ix/load 4, 5, 0;
    %flag_set/imm 4, 0;
    %store/vec4a v0000020d71e374b0, 4, 0;
    %pushi/vec4 700, 0, 32;
    %ix/load 4, 6, 0;
    %flag_set/imm 4, 0;
    %store/vec4a v0000020d71e374b0, 4, 0;
    %pushi/vec4 750, 0, 32;
    %ix/load 4, 7, 0;
    %flag_set/imm 4, 0;
    %store/vec4a v0000020d71e374b0, 4, 0;
    %end;
    .thread T_3;
    .scope S_0000020d71e12a70;
T_4 ;
    %wait E_0000020d71e3f290;
    %pushi/vec4 0, 0, 32;
    %store/vec4 v0000020d71e37230_0, 0, 32;
T_4.0 ;
    %load/vec4 v0000020d71e37230_0;
    %cmpi/s 3, 0, 32;
    %jmp/0xz T_4.1, 5;
    %pushi/vec4 0, 0, 32;
    %store/vec4 v0000020d71e36fb0_0, 0, 32;
T_4.2 ;
    %load/vec4 v0000020d71e36fb0_0;
    %cmpi/s 30, 0, 32;
    %jmp/0xz T_4.3, 5;
    %pushi/vec4 0, 0, 16;
    %load/vec4 v0000020d71e37230_0;
    %pad/s 37;
    %pad/s 42;
    %muli 30, 0, 42;
    %pad/s 43;
    %load/vec4 v0000020d71e36fb0_0;
    %pad/s 43;
    %add;
    %ix/vec4/s 4;
    %store/vec4a v0000020d71e37d70, 4, 0;
    %pushi/vec4 0, 0, 32;
    %store/vec4 v0000020d71e37730_0, 0, 32;
T_4.4 ;
    %load/vec4 v0000020d71e37730_0;
    %cmpi/s 3, 0, 32;
    %jmp/0xz T_4.5, 5;
    %load/vec4 v0000020d71e37230_0;
    %pad/s 37;
    %pad/s 42;
    %muli 30, 0, 42;
    %pad/s 43;
    %load/vec4 v0000020d71e36fb0_0;
    %pad/s 43;
    %add;
    %ix/vec4/s 4;
    %load/vec4a v0000020d71e37d70, 4;
    %load/vec4 v0000020d71e36fb0_0;
    %load/vec4 v0000020d71e37730_0;
    %add;
    %ix/vec4/s 4;
    %load/vec4a v0000020d71e37370, 4;
    %load/vec4 v0000020d71e37230_0;
    %pad/s 34;
    %pad/s 36;
    %muli 3, 0, 36;
    %pad/s 37;
    %load/vec4 v0000020d71e37730_0;
    %pad/s 37;
    %add;
    %ix/vec4/s 4;
    %load/vec4a v0000020d71e37550, 4;
    %mul;
    %add;
    %load/vec4 v0000020d71e37230_0;
    %pad/s 37;
    %pad/s 42;
    %muli 30, 0, 42;
    %pad/s 43;
    %load/vec4 v0000020d71e36fb0_0;
    %pad/s 43;
    %add;
    %ix/vec4/s 4;
    %store/vec4a v0000020d71e37d70, 4, 0;
    %load/vec4 v0000020d71e37730_0;
    %addi 1, 0, 32;
    %store/vec4 v0000020d71e37730_0, 0, 32;
    %jmp T_4.4;
T_4.5 ;
    %load/vec4 v0000020d71e37230_0;
    %pad/s 37;
    %pad/s 42;
    %muli 30, 0, 42;
    %pad/s 43;
    %load/vec4 v0000020d71e36fb0_0;
    %pad/s 43;
    %add;
    %ix/vec4/s 4;
    %load/vec4a v0000020d71e37d70, 4;
    %pad/s 32;
    %cmpi/s 0, 0, 32;
    %jmp/0xz  T_4.6, 5;
    %pushi/vec4 0, 0, 16;
    %load/vec4 v0000020d71e37230_0;
    %pad/s 37;
    %pad/s 42;
    %muli 30, 0, 42;
    %pad/s 43;
    %load/vec4 v0000020d71e36fb0_0;
    %pad/s 43;
    %add;
    %ix/vec4/s 4;
    %store/vec4a v0000020d71e37d70, 4, 0;
T_4.6 ;
    %load/vec4 v0000020d71e36fb0_0;
    %addi 1, 0, 32;
    %store/vec4 v0000020d71e36fb0_0, 0, 32;
    %jmp T_4.2;
T_4.3 ;
    %load/vec4 v0000020d71e37230_0;
    %addi 1, 0, 32;
    %store/vec4 v0000020d71e37230_0, 0, 32;
    %jmp T_4.0;
T_4.1 ;
    %pushi/vec4 0, 0, 32;
    %store/vec4 v0000020d71e37230_0, 0, 32;
T_4.8 ;
    %load/vec4 v0000020d71e37230_0;
    %cmpi/s 3, 0, 32;
    %jmp/0xz T_4.9, 5;
    %pushi/vec4 0, 0, 32;
    %store/vec4 v0000020d71e36fb0_0, 0, 32;
T_4.10 ;
    %load/vec4 v0000020d71e36fb0_0;
    %cmpi/s 15, 0, 32;
    %jmp/0xz T_4.11, 5;
    %load/vec4 v0000020d71e37230_0;
    %pad/s 37;
    %pad/s 42;
    %muli 30, 0, 42;
    %pad/s 43;
    %load/vec4 v0000020d71e36fb0_0;
    %muli 2, 0, 32;
    %addi 1, 0, 32;
    %pad/s 43;
    %add;
    %ix/vec4/s 4;
    %load/vec4a v0000020d71e37d70, 4;
    %load/vec4 v0000020d71e37230_0;
    %pad/s 37;
    %pad/s 42;
    %muli 30, 0, 42;
    %pad/s 43;
    %load/vec4 v0000020d71e36fb0_0;
    %muli 2, 0, 32;
    %pad/s 43;
    %add;
    %ix/vec4/s 4;
    %load/vec4a v0000020d71e37d70, 4;
    %cmp/s;
    %flag_mov 8, 5;
    %jmp/0 T_4.12, 8;
    %load/vec4 v0000020d71e37230_0;
    %pad/s 37;
    %pad/s 42;
    %muli 30, 0, 42;
    %pad/s 43;
    %load/vec4 v0000020d71e36fb0_0;
    %muli 2, 0, 32;
    %pad/s 43;
    %add;
    %ix/vec4/s 4;
    %load/vec4a v0000020d71e37d70, 4;
    %jmp/1 T_4.13, 8;
T_4.12 ; End of true expr.
    %load/vec4 v0000020d71e37230_0;
    %pad/s 37;
    %pad/s 42;
    %muli 30, 0, 42;
    %pad/s 43;
    %load/vec4 v0000020d71e36fb0_0;
    %muli 2, 0, 32;
    %addi 1, 0, 32;
    %pad/s 43;
    %add;
    %ix/vec4/s 4;
    %load/vec4a v0000020d71e37d70, 4;
    %jmp/0 T_4.13, 8;
 ; End of false expr.
    %blend;
T_4.13;
    %load/vec4 v0000020d71e37230_0;
    %pad/s 36;
    %pad/s 40;
    %muli 15, 0, 40;
    %pad/s 41;
    %load/vec4 v0000020d71e36fb0_0;
    %pad/s 41;
    %add;
    %ix/vec4/s 4;
    %store/vec4a v0000020d71e37870, 4, 0;
    %load/vec4 v0000020d71e36fb0_0;
    %addi 1, 0, 32;
    %store/vec4 v0000020d71e36fb0_0, 0, 32;
    %jmp T_4.10;
T_4.11 ;
    %load/vec4 v0000020d71e37230_0;
    %addi 1, 0, 32;
    %store/vec4 v0000020d71e37230_0, 0, 32;
    %jmp T_4.8;
T_4.9 ;
    %pushi/vec4 0, 0, 32;
    %store/vec4 v0000020d71e37230_0, 0, 32;
T_4.14 ;
    %load/vec4 v0000020d71e37230_0;
    %cmpi/s 2, 0, 32;
    %jmp/0xz T_4.15, 5;
    %pushi/vec4 0, 0, 32;
    %store/vec4 v0000020d71e36fb0_0, 0, 32;
T_4.16 ;
    %load/vec4 v0000020d71e36fb0_0;
    %cmpi/s 13, 0, 32;
    %jmp/0xz T_4.17, 5;
    %pushi/vec4 0, 0, 16;
    %load/vec4 v0000020d71e37230_0;
    %pad/s 36;
    %pad/s 40;
    %muli 13, 0, 40;
    %pad/s 41;
    %load/vec4 v0000020d71e36fb0_0;
    %pad/s 41;
    %add;
    %ix/vec4/s 4;
    %store/vec4a v0000020d71e37cd0, 4, 0;
    %pushi/vec4 0, 0, 32;
    %store/vec4 v0000020d71e37730_0, 0, 32;
T_4.18 ;
    %load/vec4 v0000020d71e37730_0;
    %cmpi/s 3, 0, 32;
    %jmp/0xz T_4.19, 5;
    %load/vec4 v0000020d71e37230_0;
    %pad/s 36;
    %pad/s 40;
    %muli 13, 0, 40;
    %pad/s 41;
    %load/vec4 v0000020d71e36fb0_0;
    %pad/s 41;
    %add;
    %ix/vec4/s 4;
    %load/vec4a v0000020d71e37cd0, 4;
    %load/vec4 v0000020d71e37730_0;
    %pad/s 36;
    %pad/s 40;
    %muli 15, 0, 40;
    %pad/s 41;
    %load/vec4 v0000020d71e36fb0_0;
    %pad/s 41;
    %add;
    %ix/vec4/s 4;
    %load/vec4a v0000020d71e37870, 4;
    %load/vec4 v0000020d71e37230_0;
    %pad/s 36;
    %pad/s 40;
    %muli 9, 0, 40;
    %pad/s 41;
    %load/vec4 v0000020d71e37730_0;
    %pad/s 34;
    %pad/s 36;
    %muli 3, 0, 36;
    %pad/s 41;
    %add;
    %ix/vec4/s 4;
    %load/vec4a v0000020d71e37690, 4;
    %mul;
    %add;
    %load/vec4 v0000020d71e37730_0;
    %pad/s 36;
    %pad/s 40;
    %muli 15, 0, 40;
    %pad/s 41;
    %load/vec4 v0000020d71e36fb0_0;
    %addi 1, 0, 32;
    %pad/s 41;
    %add;
    %ix/vec4/s 4;
    %load/vec4a v0000020d71e37870, 4;
    %load/vec4 v0000020d71e37230_0;
    %pad/s 36;
    %pad/s 40;
    %muli 9, 0, 40;
    %pad/s 41;
    %load/vec4 v0000020d71e37730_0;
    %pad/s 34;
    %pad/s 36;
    %muli 3, 0, 36;
    %pad/s 41;
    %add;
    %pad/s 42;
    %pushi/vec4 1, 0, 2;
    %pad/s 42;
    %add;
    %ix/vec4/s 4;
    %load/vec4a v0000020d71e37690, 4;
    %mul;
    %add;
    %load/vec4 v0000020d71e37730_0;
    %pad/s 36;
    %pad/s 40;
    %muli 15, 0, 40;
    %pad/s 41;
    %load/vec4 v0000020d71e36fb0_0;
    %addi 2, 0, 32;
    %pad/s 41;
    %add;
    %ix/vec4/s 4;
    %load/vec4a v0000020d71e37870, 4;
    %load/vec4 v0000020d71e37230_0;
    %pad/s 36;
    %pad/s 40;
    %muli 9, 0, 40;
    %pad/s 41;
    %load/vec4 v0000020d71e37730_0;
    %pad/s 34;
    %pad/s 36;
    %muli 3, 0, 36;
    %pad/s 41;
    %add;
    %pad/s 42;
    %pushi/vec4 2, 0, 3;
    %pad/s 42;
    %add;
    %ix/vec4/s 4;
    %load/vec4a v0000020d71e37690, 4;
    %mul;
    %add;
    %load/vec4 v0000020d71e37230_0;
    %pad/s 36;
    %pad/s 40;
    %muli 13, 0, 40;
    %pad/s 41;
    %load/vec4 v0000020d71e36fb0_0;
    %pad/s 41;
    %add;
    %ix/vec4/s 4;
    %store/vec4a v0000020d71e37cd0, 4, 0;
    %load/vec4 v0000020d71e37730_0;
    %addi 1, 0, 32;
    %store/vec4 v0000020d71e37730_0, 0, 32;
    %jmp T_4.18;
T_4.19 ;
    %load/vec4 v0000020d71e37230_0;
    %pad/s 36;
    %pad/s 40;
    %muli 13, 0, 40;
    %pad/s 41;
    %load/vec4 v0000020d71e36fb0_0;
    %pad/s 41;
    %add;
    %ix/vec4/s 4;
    %load/vec4a v0000020d71e37cd0, 4;
    %pad/s 32;
    %cmpi/s 0, 0, 32;
    %jmp/0xz  T_4.20, 5;
    %pushi/vec4 0, 0, 16;
    %load/vec4 v0000020d71e37230_0;
    %pad/s 36;
    %pad/s 40;
    %muli 13, 0, 40;
    %pad/s 41;
    %load/vec4 v0000020d71e36fb0_0;
    %pad/s 41;
    %add;
    %ix/vec4/s 4;
    %store/vec4a v0000020d71e37cd0, 4, 0;
T_4.20 ;
    %load/vec4 v0000020d71e36fb0_0;
    %addi 1, 0, 32;
    %store/vec4 v0000020d71e36fb0_0, 0, 32;
    %jmp T_4.16;
T_4.17 ;
    %load/vec4 v0000020d71e37230_0;
    %addi 1, 0, 32;
    %store/vec4 v0000020d71e37230_0, 0, 32;
    %jmp T_4.14;
T_4.15 ;
    %pushi/vec4 0, 0, 32;
    %store/vec4 v0000020d71e37230_0, 0, 32;
T_4.22 ;
    %load/vec4 v0000020d71e37230_0;
    %cmpi/s 2, 0, 32;
    %jmp/0xz T_4.23, 5;
    %pushi/vec4 0, 0, 32;
    %store/vec4 v0000020d71e36fb0_0, 0, 32;
T_4.24 ;
    %load/vec4 v0000020d71e36fb0_0;
    %cmpi/s 7, 0, 32;
    %jmp/0xz T_4.25, 5;
    %load/vec4 v0000020d71e37230_0;
    %pad/s 36;
    %pad/s 40;
    %muli 13, 0, 40;
    %pad/s 41;
    %load/vec4 v0000020d71e36fb0_0;
    %muli 2, 0, 32;
    %addi 1, 0, 32;
    %pad/s 41;
    %add;
    %ix/vec4/s 4;
    %load/vec4a v0000020d71e37cd0, 4;
    %load/vec4 v0000020d71e37230_0;
    %pad/s 36;
    %pad/s 40;
    %muli 13, 0, 40;
    %pad/s 41;
    %load/vec4 v0000020d71e36fb0_0;
    %muli 2, 0, 32;
    %pad/s 41;
    %add;
    %ix/vec4/s 4;
    %load/vec4a v0000020d71e37cd0, 4;
    %cmp/s;
    %flag_mov 8, 5;
    %jmp/0 T_4.26, 8;
    %load/vec4 v0000020d71e37230_0;
    %pad/s 36;
    %pad/s 40;
    %muli 13, 0, 40;
    %pad/s 41;
    %load/vec4 v0000020d71e36fb0_0;
    %muli 2, 0, 32;
    %pad/s 41;
    %add;
    %ix/vec4/s 4;
    %load/vec4a v0000020d71e37cd0, 4;
    %jmp/1 T_4.27, 8;
T_4.26 ; End of true expr.
    %load/vec4 v0000020d71e37230_0;
    %pad/s 36;
    %pad/s 40;
    %muli 13, 0, 40;
    %pad/s 41;
    %load/vec4 v0000020d71e36fb0_0;
    %muli 2, 0, 32;
    %addi 1, 0, 32;
    %pad/s 41;
    %add;
    %ix/vec4/s 4;
    %load/vec4a v0000020d71e37cd0, 4;
    %jmp/0 T_4.27, 8;
 ; End of false expr.
    %blend;
T_4.27;
    %load/vec4 v0000020d71e37230_0;
    %pad/s 35;
    %pad/s 38;
    %muli 7, 0, 38;
    %pad/s 39;
    %load/vec4 v0000020d71e36fb0_0;
    %pad/s 39;
    %add;
    %ix/vec4/s 4;
    %store/vec4a v0000020d71e37050, 4, 0;
    %load/vec4 v0000020d71e36fb0_0;
    %addi 1, 0, 32;
    %store/vec4 v0000020d71e36fb0_0, 0, 32;
    %jmp T_4.24;
T_4.25 ;
    %load/vec4 v0000020d71e37230_0;
    %addi 1, 0, 32;
    %store/vec4 v0000020d71e37230_0, 0, 32;
    %jmp T_4.22;
T_4.23 ;
    %pushi/vec4 0, 0, 32;
    %store/vec4 v0000020d71e37230_0, 0, 32;
T_4.28 ;
    %load/vec4 v0000020d71e37230_0;
    %cmpi/s 8, 0, 32;
    %jmp/0xz T_4.29, 5;
    %pushi/vec4 0, 0, 32;
    %ix/getv/s 4, v0000020d71e37230_0;
    %store/vec4a v0000020d71e37e10, 4, 0;
    %pushi/vec4 0, 0, 32;
    %store/vec4 v0000020d71e36fb0_0, 0, 32;
T_4.30 ;
    %load/vec4 v0000020d71e36fb0_0;
    %cmpi/s 7, 0, 32;
    %jmp/0xz T_4.31, 5;
    %ix/getv/s 4, v0000020d71e37230_0;
    %load/vec4a v0000020d71e37e10, 4;
    %load/vec4 v0000020d71e37230_0;
    %cmpi/s 2, 0, 32;
    %flag_mov 8, 5;
    %jmp/0 T_4.32, 8;
    %load/vec4 v0000020d71e37230_0;
    %jmp/1 T_4.33, 8;
T_4.32 ; End of true expr.
    %pushi/vec4 0, 0, 32;
    %jmp/0 T_4.33, 8;
 ; End of false expr.
    %blend;
T_4.33;
    %pad/s 35;
    %pad/s 38;
    %muli 7, 0, 38;
    %pad/s 39;
    %load/vec4 v0000020d71e36fb0_0;
    %pad/s 39;
    %add;
    %ix/vec4/s 4;
    %load/vec4a v0000020d71e37050, 4;
    %pad/s 32;
    %load/vec4 v0000020d71e37230_0;
    %pad/s 35;
    %pad/s 38;
    %muli 7, 0, 38;
    %pad/s 39;
    %load/vec4 v0000020d71e36fb0_0;
    %pad/s 39;
    %add;
    %ix/vec4/s 4;
    %load/vec4a v0000020d71e37eb0, 4;
    %pad/s 32;
    %mul;
    %add;
    %ix/getv/s 4, v0000020d71e37230_0;
    %store/vec4a v0000020d71e37e10, 4, 0;
    %load/vec4 v0000020d71e36fb0_0;
    %addi 1, 0, 32;
    %store/vec4 v0000020d71e36fb0_0, 0, 32;
    %jmp T_4.30;
T_4.31 ;
    %ix/getv/s 4, v0000020d71e37230_0;
    %load/vec4a v0000020d71e374b0, 4;
    %ix/getv/s 4, v0000020d71e37230_0;
    %load/vec4a v0000020d71e37e10, 4;
    %cmp/s;
    %jmp/0xz  T_4.34, 5;
    %pushi/vec4 1, 0, 1;
    %ix/getv/s 4, v0000020d71e37230_0;
    %store/vec4 v0000020d71e377d0_0, 4, 1;
    %jmp T_4.35;
T_4.34 ;
    %pushi/vec4 0, 0, 1;
    %ix/getv/s 4, v0000020d71e37230_0;
    %store/vec4 v0000020d71e377d0_0, 4, 1;
T_4.35 ;
    %load/vec4 v0000020d71e37230_0;
    %addi 1, 0, 32;
    %store/vec4 v0000020d71e37230_0, 0, 32;
    %jmp T_4.28;
T_4.29 ;
    %jmp T_4;
    .thread T_4, $push;
    .scope S_0000020d71e45ed0;
T_5 ;
    %pushi/vec4 10, 0, 16;
    %ix/load 4, 0, 0;
    %flag_set/imm 4, 0;
    %store/vec4a v0000020d71e37b90, 4, 0;
    %pushi/vec4 15, 0, 16;
    %ix/load 4, 1, 0;
    %flag_set/imm 4, 0;
    %store/vec4a v0000020d71e37b90, 4, 0;
    %pushi/vec4 20, 0, 16;
    %ix/load 4, 2, 0;
    %flag_set/imm 4, 0;
    %store/vec4a v0000020d71e37b90, 4, 0;
    %pushi/vec4 18, 0, 16;
    %ix/load 4, 3, 0;
    %flag_set/imm 4, 0;
    %store/vec4a v0000020d71e37b90, 4, 0;
    %pushi/vec4 10, 0, 16;
    %ix/load 4, 4, 0;
    %flag_set/imm 4, 0;
    %store/vec4a v0000020d71e37b90, 4, 0;
    %pushi/vec4 5, 0, 16;
    %ix/load 4, 5, 0;
    %flag_set/imm 4, 0;
    %store/vec4a v0000020d71e37b90, 4, 0;
    %pushi/vec4 0, 0, 16;
    %ix/load 4, 6, 0;
    %flag_set/imm 4, 0;
    %store/vec4a v0000020d71e37b90, 4, 0;
    %pushi/vec4 65531, 0, 16;
    %ix/load 4, 7, 0;
    %flag_set/imm 4, 0;
    %store/vec4a v0000020d71e37b90, 4, 0;
    %pushi/vec4 65526, 0, 16;
    %ix/load 4, 8, 0;
    %flag_set/imm 4, 0;
    %store/vec4a v0000020d71e37b90, 4, 0;
    %pushi/vec4 65528, 0, 16;
    %ix/load 4, 9, 0;
    %flag_set/imm 4, 0;
    %store/vec4a v0000020d71e37b90, 4, 0;
    %pushi/vec4 0, 0, 16;
    %ix/load 4, 10, 0;
    %flag_set/imm 4, 0;
    %store/vec4a v0000020d71e37b90, 4, 0;
    %pushi/vec4 5, 0, 16;
    %ix/load 4, 11, 0;
    %flag_set/imm 4, 0;
    %store/vec4a v0000020d71e37b90, 4, 0;
    %pushi/vec4 10, 0, 16;
    %ix/load 4, 12, 0;
    %flag_set/imm 4, 0;
    %store/vec4a v0000020d71e37b90, 4, 0;
    %pushi/vec4 12, 0, 16;
    %ix/load 4, 13, 0;
    %flag_set/imm 4, 0;
    %store/vec4a v0000020d71e37b90, 4, 0;
    %pushi/vec4 15, 0, 16;
    %ix/load 4, 14, 0;
    %flag_set/imm 4, 0;
    %store/vec4a v0000020d71e37b90, 4, 0;
    %pushi/vec4 20, 0, 16;
    %ix/load 4, 15, 0;
    %flag_set/imm 4, 0;
    %store/vec4a v0000020d71e37b90, 4, 0;
    %pushi/vec4 18, 0, 16;
    %ix/load 4, 16, 0;
    %flag_set/imm 4, 0;
    %store/vec4a v0000020d71e37b90, 4, 0;
    %pushi/vec4 15, 0, 16;
    %ix/load 4, 17, 0;
    %flag_set/imm 4, 0;
    %store/vec4a v0000020d71e37b90, 4, 0;
    %pushi/vec4 12, 0, 16;
    %ix/load 4, 18, 0;
    %flag_set/imm 4, 0;
    %store/vec4a v0000020d71e37b90, 4, 0;
    %pushi/vec4 10, 0, 16;
    %ix/load 4, 19, 0;
    %flag_set/imm 4, 0;
    %store/vec4a v0000020d71e37b90, 4, 0;
    %pushi/vec4 8, 0, 16;
    %ix/load 4, 20, 0;
    %flag_set/imm 4, 0;
    %store/vec4a v0000020d71e37b90, 4, 0;
    %pushi/vec4 5, 0, 16;
    %ix/load 4, 21, 0;
    %flag_set/imm 4, 0;
    %store/vec4a v0000020d71e37b90, 4, 0;
    %pushi/vec4 2, 0, 16;
    %ix/load 4, 22, 0;
    %flag_set/imm 4, 0;
    %store/vec4a v0000020d71e37b90, 4, 0;
    %pushi/vec4 0, 0, 16;
    %ix/load 4, 23, 0;
    %flag_set/imm 4, 0;
    %store/vec4a v0000020d71e37b90, 4, 0;
    %pushi/vec4 65534, 0, 16;
    %ix/load 4, 24, 0;
    %flag_set/imm 4, 0;
    %store/vec4a v0000020d71e37b90, 4, 0;
    %pushi/vec4 65531, 0, 16;
    %ix/load 4, 25, 0;
    %flag_set/imm 4, 0;
    %store/vec4a v0000020d71e37b90, 4, 0;
    %pushi/vec4 65528, 0, 16;
    %ix/load 4, 26, 0;
    %flag_set/imm 4, 0;
    %store/vec4a v0000020d71e37b90, 4, 0;
    %pushi/vec4 65526, 0, 16;
    %ix/load 4, 27, 0;
    %flag_set/imm 4, 0;
    %store/vec4a v0000020d71e37b90, 4, 0;
    %pushi/vec4 65531, 0, 16;
    %ix/load 4, 28, 0;
    %flag_set/imm 4, 0;
    %store/vec4a v0000020d71e37b90, 4, 0;
    %pushi/vec4 0, 0, 16;
    %ix/load 4, 29, 0;
    %flag_set/imm 4, 0;
    %store/vec4a v0000020d71e37b90, 4, 0;
    %pushi/vec4 5, 0, 16;
    %ix/load 4, 30, 0;
    %flag_set/imm 4, 0;
    %store/vec4a v0000020d71e37b90, 4, 0;
    %pushi/vec4 10, 0, 16;
    %ix/load 4, 31, 0;
    %flag_set/imm 4, 0;
    %store/vec4a v0000020d71e37b90, 4, 0;
    %delay 10, 0;
    %vpi_call/w 3 29 "$display", "\012=================================================" {0 0 0};
    %vpi_call/w 3 30 "$display", "          ECG CNN ANALYSIS REPORT" {0 0 0};
    %vpi_call/w 3 31 "$display", "=================================================" {0 0 0};
    %vpi_call/w 3 32 "$display", "Detection Results:" {0 0 0};
    %vpi_call/w 3 33 "$display", "-------------------------------------------------" {0 0 0};
    %load/vec4 v0000020d71e370f0_0;
    %parti/s 1, 0, 2;
    %flag_set/vec4 8;
    %jmp/0 T_5.0, 8;
    %pushi/vec4 1145394245, 0, 32; draw_string_vec4
    %pushi/vec4 1129596228, 0, 32; draw_string_vec4
    %concat/vec4; draw_string_vec4
    %jmp/1 T_5.1, 8;
T_5.0 ; End of true expr.
    %pushi/vec4 0, 0, 32; draw_string_vec4
    %pushi/vec4 20047, 0, 32; draw_string_vec4
    %concat/vec4; draw_string_vec4
    %jmp/0 T_5.1, 8;
 ; End of false expr.
    %blend;
T_5.1;
    %vpi_call/w 3 34 "$display", " Normal ECG        : %s", S<0,vec4,u64> {1 0 0};
    %load/vec4 v0000020d71e370f0_0;
    %parti/s 1, 1, 2;
    %flag_set/vec4 8;
    %jmp/0 T_5.2, 8;
    %pushi/vec4 1145394245, 0, 32; draw_string_vec4
    %pushi/vec4 1129596228, 0, 32; draw_string_vec4
    %concat/vec4; draw_string_vec4
    %jmp/1 T_5.3, 8;
T_5.2 ; End of true expr.
    %pushi/vec4 0, 0, 32; draw_string_vec4
    %pushi/vec4 20047, 0, 32; draw_string_vec4
    %concat/vec4; draw_string_vec4
    %jmp/0 T_5.3, 8;
 ; End of false expr.
    %blend;
T_5.3;
    %vpi_call/w 3 35 "$display", " PVC               : %s", S<0,vec4,u64> {1 0 0};
    %load/vec4 v0000020d71e370f0_0;
    %parti/s 1, 2, 3;
    %flag_set/vec4 8;
    %jmp/0 T_5.4, 8;
    %pushi/vec4 1145394245, 0, 32; draw_string_vec4
    %pushi/vec4 1129596228, 0, 32; draw_string_vec4
    %concat/vec4; draw_string_vec4
    %jmp/1 T_5.5, 8;
T_5.4 ; End of true expr.
    %pushi/vec4 0, 0, 32; draw_string_vec4
    %pushi/vec4 20047, 0, 32; draw_string_vec4
    %concat/vec4; draw_string_vec4
    %jmp/0 T_5.5, 8;
 ; End of false expr.
    %blend;
T_5.5;
    %vpi_call/w 3 36 "$display", " Tachycardia       : %s", S<0,vec4,u64> {1 0 0};
    %load/vec4 v0000020d71e370f0_0;
    %parti/s 1, 3, 3;
    %flag_set/vec4 8;
    %jmp/0 T_5.6, 8;
    %pushi/vec4 1145394245, 0, 32; draw_string_vec4
    %pushi/vec4 1129596228, 0, 32; draw_string_vec4
    %concat/vec4; draw_string_vec4
    %jmp/1 T_5.7, 8;
T_5.6 ; End of true expr.
    %pushi/vec4 0, 0, 32; draw_string_vec4
    %pushi/vec4 20047, 0, 32; draw_string_vec4
    %concat/vec4; draw_string_vec4
    %jmp/0 T_5.7, 8;
 ; End of false expr.
    %blend;
T_5.7;
    %vpi_call/w 3 37 "$display", " Bradycardia       : %s", S<0,vec4,u64> {1 0 0};
    %load/vec4 v0000020d71e370f0_0;
    %parti/s 1, 4, 4;
    %flag_set/vec4 8;
    %jmp/0 T_5.8, 8;
    %pushi/vec4 1145394245, 0, 32; draw_string_vec4
    %pushi/vec4 1129596228, 0, 32; draw_string_vec4
    %concat/vec4; draw_string_vec4
    %jmp/1 T_5.9, 8;
T_5.8 ; End of true expr.
    %pushi/vec4 0, 0, 32; draw_string_vec4
    %pushi/vec4 20047, 0, 32; draw_string_vec4
    %concat/vec4; draw_string_vec4
    %jmp/0 T_5.9, 8;
 ; End of false expr.
    %blend;
T_5.9;
    %vpi_call/w 3 38 "$display", " ST Elevation      : %s", S<0,vec4,u64> {1 0 0};
    %load/vec4 v0000020d71e370f0_0;
    %parti/s 1, 5, 4;
    %flag_set/vec4 8;
    %jmp/0 T_5.10, 8;
    %pushi/vec4 1145394245, 0, 32; draw_string_vec4
    %pushi/vec4 1129596228, 0, 32; draw_string_vec4
    %concat/vec4; draw_string_vec4
    %jmp/1 T_5.11, 8;
T_5.10 ; End of true expr.
    %pushi/vec4 0, 0, 32; draw_string_vec4
    %pushi/vec4 20047, 0, 32; draw_string_vec4
    %concat/vec4; draw_string_vec4
    %jmp/0 T_5.11, 8;
 ; End of false expr.
    %blend;
T_5.11;
    %vpi_call/w 3 39 "$display", " ST Depression     : %s", S<0,vec4,u64> {1 0 0};
    %load/vec4 v0000020d71e370f0_0;
    %parti/s 1, 6, 4;
    %flag_set/vec4 8;
    %jmp/0 T_5.12, 8;
    %pushi/vec4 1145394245, 0, 32; draw_string_vec4
    %pushi/vec4 1129596228, 0, 32; draw_string_vec4
    %concat/vec4; draw_string_vec4
    %jmp/1 T_5.13, 8;
T_5.12 ; End of true expr.
    %pushi/vec4 0, 0, 32; draw_string_vec4
    %pushi/vec4 20047, 0, 32; draw_string_vec4
    %concat/vec4; draw_string_vec4
    %jmp/0 T_5.13, 8;
 ; End of false expr.
    %blend;
T_5.13;
    %vpi_call/w 3 40 "$display", " High R-Wave       : %s", S<0,vec4,u64> {1 0 0};
    %load/vec4 v0000020d71e370f0_0;
    %parti/s 1, 7, 4;
    %flag_set/vec4 8;
    %jmp/0 T_5.14, 8;
    %pushi/vec4 1145394245, 0, 32; draw_string_vec4
    %pushi/vec4 1129596228, 0, 32; draw_string_vec4
    %concat/vec4; draw_string_vec4
    %jmp/1 T_5.15, 8;
T_5.14 ; End of true expr.
    %pushi/vec4 0, 0, 32; draw_string_vec4
    %pushi/vec4 20047, 0, 32; draw_string_vec4
    %concat/vec4; draw_string_vec4
    %jmp/0 T_5.15, 8;
 ; End of false expr.
    %blend;
T_5.15;
    %vpi_call/w 3 41 "$display", " Low R-Wave        : %s", S<0,vec4,u64> {1 0 0};
    %vpi_call/w 3 42 "$display", "-------------------------------------------------" {0 0 0};
    %load/vec4 v0000020d71e370f0_0;
    %parti/s 1, 0, 2;
    %flag_set/vec4 8;
    %jmp/0xz  T_5.16, 8;
    %vpi_call/w 3 46 "$display", " Final Diagnosis   : NORMAL ECG" {0 0 0};
    %jmp T_5.17;
T_5.16 ;
    %vpi_call/w 3 48 "$display", " Final Diagnosis   : ABNORMAL ECG" {0 0 0};
T_5.17 ;
    %vpi_call/w 3 50 "$display", "=================================================\012" {0 0 0};
    %vpi_call/w 3 52 "$finish" {0 0 0};
    %end;
    .thread T_5;
# The file index is used to find the file name in the following table.
:file_names 5;
    "N/A";
    "<interactive>";
    "-";
    "testbench/cnn_1d_tb.v";
    "design/cnn_1d.v";
